TN:
SF:src/components/Form/Button/index.tsx
FN:14,(anonymous_0)
FNF:1
FNH:1
FNDA:4,(anonymous_0)
DA:14,1
DA:15,4
LF:2
LH:2
BRF:0
BRH:0
end_of_record
TN:
SF:src/components/Form/CategorySelectButton/index.tsx
FN:11,(anonymous_0)
FNF:1
FNH:1
FNDA:2,(anonymous_0)
DA:11,1
DA:12,2
LF:2
LH:2
BRF:0
BRH:0
end_of_record
TN:
SF:src/components/Form/Input/index.tsx
FN:10,(anonymous_0)
FNF:1
FNH:1
FNDA:5,(anonymous_0)
DA:10,2
DA:11,5
LF:2
LH:2
BRDA:10,0,0,4
BRF:1
BRH:1
end_of_record
TN:
SF:src/components/Form/InputForm/index.tsx
FN:12,(anonymous_0)
FN:24,(anonymous_1)
FN:26,(anonymous_2)
FNF:3
FNH:2
FNDA:4,(anonymous_0)
FNDA:4,(anonymous_1)
FNDA:0,(anonymous_2)
DA:12,1
DA:20,4
DA:25,4
DA:26,0
LF:4
LH:3
BRDA:33,0,0,4
BRDA:33,0,1,0
BRF:2
BRH:1
end_of_record
TN:
SF:src/components/Form/TransactionTypeButton/index.tsx
FN:22,(anonymous_0)
FNF:1
FNH:1
FNDA:4,(anonymous_0)
DA:11,1
DA:22,1
DA:23,4
LF:3
LH:3
BRF:0
BRH:0
end_of_record
TN:
SF:src/components/HighlightCard/index.tsx
FN:26,(anonymous_0)
FNF:1
FNH:0
FNDA:0,(anonymous_0)
DA:20,0
DA:26,0
DA:31,0
LF:3
LH:0
BRF:0
BRH:0
end_of_record
TN:
SF:src/components/HighlightCard/styles.tsx
FN:10,(anonymous_0)
FN:26,(anonymous_1)
FN:30,(anonymous_2)
FN:37,(anonymous_3)
FN:38,(anonymous_4)
FN:40,(anonymous_5)
FN:41,(anonymous_6)
FN:43,(anonymous_7)
FN:44,(anonymous_8)
FN:53,(anonymous_9)
FN:55,(anonymous_10)
FN:62,(anonymous_11)
FN:64,(anonymous_12)
FNF:13
FNH:0
FNDA:0,(anonymous_0)
FNDA:0,(anonymous_1)
FNDA:0,(anonymous_2)
FNDA:0,(anonymous_3)
FNDA:0,(anonymous_4)
FNDA:0,(anonymous_5)
FNDA:0,(anonymous_6)
FNDA:0,(anonymous_7)
FNDA:0,(anonymous_8)
FNDA:0,(anonymous_9)
FNDA:0,(anonymous_10)
FNDA:0,(anonymous_11)
FNDA:0,(anonymous_12)
DA:9,0
DA:11,0
DA:20,0
DA:25,0
DA:27,0
DA:31,0
DA:35,0
DA:37,0
DA:38,0
DA:40,0
DA:41,0
DA:43,0
DA:44,0
DA:48,0
DA:52,0
DA:53,0
DA:56,0
DA:61,0
DA:62,0
DA:65,0
LF:20
LH:0
BRDA:11,0,0,0
BRDA:11,0,1,0
BRDA:27,1,0,0
BRDA:27,1,1,0
BRDA:31,2,0,0
BRDA:31,2,1,0
BRDA:37,3,0,0
BRDA:37,3,1,0
BRDA:40,4,0,0
BRDA:40,4,1,0
BRDA:43,5,0,0
BRDA:43,5,1,0
BRDA:56,6,0,0
BRDA:56,6,1,0
BRDA:65,7,0,0
BRDA:65,7,1,0
BRF:16
BRH:0
end_of_record
TN:
SF:src/components/HistoryCard/index.tsx
FN:15,(anonymous_0)
FNF:1
FNH:0
FNDA:0,(anonymous_0)
DA:15,0
DA:20,0
LF:2
LH:0
BRF:0
BRH:0
end_of_record
TN:
SF:src/components/Load/index.tsx
FN:7,(anonymous_0)
FNF:1
FNH:0
FNDA:0,(anonymous_0)
DA:7,0
DA:10,0
LF:2
LH:0
BRF:0
BRH:0
end_of_record
TN:
SF:src/components/SignSocialButton/index.tsx
FN:16,(anonymous_0)
FNF:1
FNH:0
FNDA:0,(anonymous_0)
DA:16,0
DA:21,0
LF:2
LH:0
BRF:0
BRH:0
end_of_record
TN:
SF:src/components/TransactionCard/index.tsx
FN:27,(anonymous_0)
FN:29,(anonymous_1)
FNF:2
FNH:0
FNDA:0,(anonymous_0)
FNDA:0,(anonymous_1)
DA:27,0
DA:28,0
DA:29,0
DA:31,0
LF:4
LH:0
BRDA:35,0,0,0
BRDA:35,0,1,0
BRF:2
BRH:0
end_of_record
TN:
SF:src/hooks/auth.tsx
FN:41,AuthProvider
FN:46,signInWithGoogle
FN:71,signInWithApple
FN:97,signOut
FN:102,(anonymous_4)
FN:103,loadUserStoredData
FN:128,useAuth
FNF:7
FNH:5
FNDA:7,AuthProvider
FNDA:3,signInWithGoogle
FNDA:0,signInWithApple
FNDA:0,signOut
FNDA:3,(anonymous_4)
FNDA:3,loadUserStoredData
FNDA:9,useAuth
DA:10,2
DA:11,2
DA:39,2
DA:42,7
DA:43,7
DA:44,7
DA:47,3
DA:48,3
DA:49,3
DA:51,3
DA:52,3
DA:54,2
DA:55,1
DA:56,1
DA:57,1
DA:63,1
DA:64,1
DA:67,1
DA:72,0
DA:73,0
DA:79,0
DA:80,0
DA:81,0
DA:82,0
DA:88,0
DA:89,0
DA:92,0
DA:98,0
DA:99,0
DA:102,7
DA:104,3
DA:105,3
DA:106,0
DA:107,0
DA:109,3
DA:111,3
DA:114,7
DA:129,9
DA:130,9
LF:39
LH:26
BRDA:54,0,0,1
BRDA:54,0,1,1
BRDA:79,1,0,0
BRDA:79,1,1,0
BRDA:105,2,0,0
BRDA:105,2,1,3
BRF:6
BRH:3
end_of_record
TN:
SF:src/routes/app.routes.tsx
FN:19,AppRoutes
FN:38,(anonymous_1)
FN:47,(anonymous_2)
FN:56,(anonymous_3)
FNF:4
FNH:0
FNDA:0,AppRoutes
FNDA:0,(anonymous_1)
FNDA:0,(anonymous_2)
FNDA:0,(anonymous_3)
DA:11,0
DA:20,0
DA:21,0
DA:39,0
DA:48,0
DA:57,0
LF:6
LH:0
BRDA:30,0,0,0
BRDA:30,0,1,0
BRF:2
BRH:0
end_of_record
TN:
SF:src/routes/auth.routes.tsx
FN:9,AuthRoutes
FNF:1
FNH:0
FNDA:0,AuthRoutes
DA:7,0
DA:10,0
LF:2
LH:0
BRF:0
BRH:0
end_of_record
TN:
SF:src/routes/index.tsx
FN:10,Routes
FNF:1
FNH:0
FNDA:0,Routes
DA:11,0
DA:12,0
LF:2
LH:0
BRDA:14,0,0,0
BRDA:14,0,1,0
BRF:2
BRH:0
end_of_record
TN:
SF:src/screens/CategorySelect/index.tsx
FN:28,(anonymous_0)
FN:34,handleSelectCategory
FN:46,(anonymous_2)
FN:47,(anonymous_3)
FN:49,(anonymous_4)
FN:56,(anonymous_5)
FNF:6
FNH:4
FNDA:2,(anonymous_0)
FNDA:0,handleSelectCategory
FNDA:12,(anonymous_2)
FNDA:12,(anonymous_3)
FNDA:0,(anonymous_4)
FNDA:10,(anonymous_5)
DA:28,1
DA:35,0
DA:38,2
DA:46,12
DA:48,12
DA:49,0
DA:56,10
LF:7
LH:5
BRF:0
BRH:0
end_of_record
TN:
SF:src/screens/CategorySelect/styles.tsx
FN:13,(anonymous_0)
FN:20,(anonymous_1)
FN:28,(anonymous_2)
FN:30,(anonymous_3)
FN:38,(anonymous_4)
FN:49,(anonymous_5)
FN:56,(anonymous_6)
FNF:7
FNH:7
FNDA:2,(anonymous_0)
FNDA:2,(anonymous_1)
FNDA:2,(anonymous_2)
FNDA:2,(anonymous_3)
FNDA:12,(anonymous_4)
FNDA:12,(anonymous_5)
FNDA:10,(anonymous_6)
DA:11,1
DA:13,2
DA:17,1
DA:20,2
DA:27,1
DA:28,2
DA:30,2
DA:33,1
DA:39,12
DA:43,1
DA:48,1
DA:49,12
DA:53,1
DA:56,10
DA:59,1
LF:15
LH:15
BRDA:39,0,0,0
BRDA:39,0,1,12
BRF:2
BRH:1
end_of_record
TN:
SF:src/screens/Dashboard/index.tsx
FN:49,(anonymous_0)
FN:55,getLastTransactionDate
FN:56,(anonymous_2)
FN:62,(anonymous_3)
FN:68,loadTransactions
FN:77,(anonymous_5)
FN:134,(anonymous_6)
FN:139,(anonymous_7)
FN:190,(anonymous_8)
FN:191,(anonymous_9)
FNF:10
FNH:0
FNDA:0,(anonymous_0)
FNDA:0,getLastTransactionDate
FNDA:0,(anonymous_2)
FNDA:0,(anonymous_3)
FNDA:0,loadTransactions
FNDA:0,(anonymous_5)
FNDA:0,(anonymous_6)
FNDA:0,(anonymous_7)
FNDA:0,(anonymous_8)
FNDA:0,(anonymous_9)
DA:49,0
DA:50,0
DA:51,0
DA:52,0
DA:53,0
DA:56,0
DA:57,0
DA:58,0
DA:60,0
DA:62,0
DA:65,0
DA:69,0
DA:70,0
DA:71,0
DA:73,0
DA:74,0
DA:76,0
DA:78,0
DA:79,0
DA:81,0
DA:83,0
DA:88,0
DA:93,0
DA:103,0
DA:104,0
DA:105,0
DA:106,0
DA:108,0
DA:131,0
DA:134,0
DA:135,0
DA:138,0
DA:140,0
DA:144,0
DA:190,0
DA:191,0
LF:36
LH:0
BRDA:57,0,0,0
BRDA:57,0,1,0
BRDA:71,1,0,0
BRDA:71,1,1,0
BRDA:78,2,0,0
BRDA:78,2,1,0
BRDA:106,3,0,0
BRDA:106,3,1,0
BRDA:114,4,0,0
BRDA:114,4,1,0
BRDA:121,5,0,0
BRDA:121,5,1,0
BRDA:147,6,0,0
BRDA:147,6,1,0
BRF:14
BRH:0
end_of_record
TN:
SF:src/screens/Profile/index.tsx
FN:4,(anonymous_0)
FN:19,(anonymous_1)
FNF:2
FNH:1
FNDA:3,(anonymous_0)
FNDA:0,(anonymous_1)
DA:4,1
DA:5,3
LF:2
LH:2
BRF:0
BRH:0
end_of_record
TN:
SF:src/screens/Register/index.tsx
FN:45,(anonymous_0)
FN:63,handleTransactionType
FN:67,handleCloseSelectCategoryModal
FN:71,handleOpenSelectCategoryModal
FN:75,handleRegister
FN:149,(anonymous_5)
FN:155,(anonymous_6)
FNF:7
FNH:2
FNDA:2,(anonymous_0)
FNDA:0,handleTransactionType
FNDA:0,handleCloseSelectCategoryModal
FNDA:1,handleOpenSelectCategoryModal
FNDA:0,handleRegister
FNDA:0,(anonymous_5)
FNDA:0,(anonymous_6)
DA:37,1
DA:45,1
DA:46,2
DA:50,2
DA:56,2
DA:59,2
DA:60,2
DA:61,2
DA:64,0
DA:68,0
DA:72,1
DA:76,0
DA:77,0
DA:79,0
DA:80,0
DA:83,0
DA:91,0
DA:92,0
DA:93,0
DA:94,0
DA:95,0
DA:96,0
DA:97,0
DA:98,0
DA:99,0
DA:103,0
DA:105,0
DA:106,0
DA:122,2
DA:149,0
DA:155,0
LF:31
LH:10
BRDA:76,0,0,0
BRDA:76,0,1,0
BRDA:79,1,0,0
BRDA:79,1,1,0
BRDA:94,2,0,0
BRDA:94,2,1,0
BRDA:136,3,0,2
BRDA:136,3,1,0
BRDA:143,4,0,2
BRDA:143,4,1,0
BRF:10
BRH:2
end_of_record
TN:
SF:src/screens/Resume/index.tsx
FN:47,(anonymous_0)
FN:54,handleDateChange
FN:62,loadData
FN:69,(anonymous_3)
FN:75,(anonymous_4)
FN:81,(anonymous_5)
FN:84,(anonymous_6)
FN:114,(anonymous_7)
FN:127,(anonymous_8)
FN:133,(anonymous_9)
FN:145,(anonymous_10)
FN:157,(anonymous_11)
FNF:12
FNH:0
FNDA:0,(anonymous_0)
FNDA:0,handleDateChange
FNDA:0,loadData
FNDA:0,(anonymous_3)
FNDA:0,(anonymous_4)
FNDA:0,(anonymous_5)
FNDA:0,(anonymous_6)
FNDA:0,(anonymous_7)
FNDA:0,(anonymous_8)
FNDA:0,(anonymous_9)
FNDA:0,(anonymous_10)
FNDA:0,(anonymous_11)
DA:47,0
DA:48,0
DA:49,0
DA:50,0
DA:51,0
DA:52,0
DA:55,0
DA:56,0
DA:58,0
DA:63,0
DA:64,0
DA:65,0
DA:66,0
DA:68,0
DA:70,0
DA:75,0
DA:76,0
DA:79,0
DA:81,0
DA:82,0
DA:84,0
DA:85,0
DA:86,0
DA:90,0
DA:91,0
DA:96,0
DA:98,0
DA:110,0
DA:111,0
DA:114,0
DA:115,0
DA:118,0
DA:127,0
DA:133,0
DA:145,0
DA:158,0
LF:36
LH:0
BRDA:55,0,0,0
BRDA:55,0,1,0
BRDA:66,1,0,0
BRDA:66,1,1,0
BRDA:70,2,0,0
BRDA:70,2,1,0
BRDA:70,2,2,0
BRDA:85,3,0,0
BRDA:85,3,1,0
BRDA:90,4,0,0
BRDA:90,4,1,0
BRDA:138,5,0,0
BRDA:138,5,1,0
BRF:13
BRH:0
end_of_record
TN:
SF:src/screens/SignIn/index.tsx
FN:22,(anonymous_0)
FN:26,handleSignInWithGoogle
FN:37,handleSignInWithApple
FNF:3
FNH:0
FNDA:0,(anonymous_0)
FNDA:0,handleSignInWithGoogle
FNDA:0,handleSignInWithApple
DA:22,0
DA:23,0
DA:24,0
DA:27,0
DA:28,0
DA:29,0
DA:31,0
DA:32,0
DA:33,0
DA:38,0
DA:39,0
DA:40,0
DA:42,0
DA:43,0
DA:44,0
DA:48,0
LF:16
LH:0
BRDA:74,0,0,0
BRDA:74,0,1,0
BRDA:81,1,0,0
BRDA:81,1,1,0
BRF:4
BRH:0
end_of_record
TN:
SF:src/screens/SignIn/styles.tsx
FN:12,(anonymous_0)
FN:22,(anonymous_1)
FN:23,(anonymous_2)
FN:32,(anonymous_3)
FN:33,(anonymous_4)
FN:46,(anonymous_5)
FNF:6
FNH:0
FNDA:0,(anonymous_0)
FNDA:0,(anonymous_1)
FNDA:0,(anonymous_2)
FNDA:0,(anonymous_3)
FNDA:0,(anonymous_4)
FNDA:0,(anonymous_5)
DA:4,0
DA:8,0
DA:12,0
DA:17,0
DA:21,0
DA:22,0
DA:23,0
DA:31,0
DA:32,0
DA:33,0
DA:42,0
DA:46,0
DA:49,0
LF:13
LH:0
BRF:0
BRH:0
end_of_record
